<?xml version="1.0" encoding="UTF-8"?>
<!-- Generated by org.testng.reporters.JUnitReportReporter -->
<testsuite hostname="sara-PC" failures="0" tests="1" name="com.practiceProj.MyseleniumMaven.TC001_VerifyLoginWithInvalidCredentialstest" time="4.063" errors="0" timestamp="21 Apr 2018 14:03:44 GMT" skipped="0">
  <testcase classname="com.practiceProj.MyseleniumMaven.TC001_VerifyLoginWithInvalidCredentialstest" name="verifyLoginWithInvalidCredentials" time="4.063"/>
</testsuite> <!-- com.practiceProj.MyseleniumMaven.TC001_VerifyLoginWithInvalidCredentialstest -->
