<?xml version="1.0" encoding="UTF-8"?>
<!-- Generated by org.testng.reporters.JUnitReportReporter -->
<testsuite hostname="sara-PC" failures="0" tests="1" name="com.practiceProj.MyseleniumMaven.TC001_VerifyLoginWithInvalidCredentials" time="4.411" errors="0" timestamp="21 Apr 2018 13:12:03 GMT" skipped="0">
  <testcase classname="com.practiceProj.MyseleniumMaven.TC001_VerifyLoginWithInvalidCredentials" name="verifyLoginWithInvalidCredentials" time="4.411"/>
</testsuite> <!-- com.practiceProj.MyseleniumMaven.TC001_VerifyLoginWithInvalidCredentials -->
