<?xml version="1.0" encoding="UTF-8"?>
<!-- Generated by org.testng.reporters.JUnitReportReporter -->
<testsuite hostname="sara-PC" failures="0" tests="1" name="com.automationtest.E2EProject.TC01VerifyLoginWithInvalidCredentials" time="4.301" errors="0" timestamp="05 Jun 2018 11:09:13 GMT" skipped="0">
  <testcase classname="com.automationtest.E2EProject.TC01VerifyLoginWithInvalidCredentials" name="LoginWithInvalidCredential" time="4.301"/>
</testsuite> <!-- com.automationtest.E2EProject.TC01VerifyLoginWithInvalidCredentials -->
