<?xml version="1.0" encoding="UTF-8"?>
<!-- Generated by org.testng.reporters.JUnitReportReporter -->
<testsuite hostname="sara-PC" failures="0" tests="1" name="com.automationtest.E2EProject.TC003_VerifyLoginWithDifferentRecords" time="4.065" errors="0" timestamp="06 Jun 2018 11:36:44 GMT" skipped="0">
  <testcase classname="com.automationtest.E2EProject.TC003_VerifyLoginWithDifferentRecords" name="loginToApplication" time="4.065"/>
</testsuite> <!-- com.automationtest.E2EProject.TC003_VerifyLoginWithDifferentRecords -->
